<?xml version="1.0" encoding="UTF-8"?>
<!-- Generated by org.testng.reporters.JUnitXMLReporter -->
<testsuite ignored="0" hostname="gk" failures="0" tests="7" name="my test" time="9.592" errors="0" timestamp="2024-09-08T13:37:33 IST">
  <testcase classname="day42.OrangeHRM" name="openApp" time="4.674"/>
  <testcase classname="day42.OrangeHRM" name="testLogo" time="3.075"/>
  <testcase classname="day42.OrangeHRM" name="login" time="1.579"/>
  <testcase classname="day42.OrangeHRM" name="logout" time="0.174"/>
  <testcase classname="day42.FirstTest" name="openApp" time="0.002"/>
  <testcase classname="day42.FirstTest" name="login" time="0.004"/>
  <testcase classname="day42.FirstTest" name="logout" time="0.002"/>
</testsuite> <!-- my test -->
