<?xml version="1.0" encoding="UTF-8"?>
<!-- Generated by org.testng.reporters.JUnitXMLReporter -->
<testsuite ignored="0" hostname="gk" failures="0" tests="3" name="TestChrome" time="0.087" errors="0" timestamp="2024-10-02T21:34:38 IST">
  <testcase classname="day45.ParamTest" name="@BeforeClass setup" time="0.018">
    <skipped/>
  </testcase> <!-- @BeforeClass setup -->
  <testcase classname="day45.ParamTest" name="@AfterClass tearDown" time="0.0">
    <skipped/>
  </testcase> <!-- @AfterClass tearDown -->
  <testcase classname="day45.ParamTest" name="testLogo" time="0.0">
    <skipped/>
  </testcase> <!-- testLogo -->
  <testcase classname="day45.ParamTest" name="testTitle" time="0.0">
    <skipped/>
  </testcase> <!-- testTitle -->
  <testcase classname="day45.ParamTest" name="testURL" time="0.0">
    <skipped/>
  </testcase> <!-- testURL -->
</testsuite> <!-- TestChrome -->
